  solution.cpp
C:\Program Files\Microsoft Visual Studio\2022\Professional\VC\Tools\MSVC\14.43.34808\include\xutility(1627,23): error C2198: 'bool (__cdecl *)(int,int,int,int,int **)': 호출에 인수가 너무 적습니다.
  (소스 파일 'solution.cpp'을(를) 컴파일하는 중)
      C:\Program Files\Microsoft Visual Studio\2022\Professional\VC\Tools\MSVC\14.43.34808\include\xutility(1627,23):
      템플릿 인스턴스화 컨텍스트(가장 오래된 인스턴스화 컨텍스트)가
          C:\Users\tmdrj\Fork\study\SWEA\1249_v2\1249_v2\solution.cpp(130,4):
          컴파일되는 함수 템플릿 인스턴스화 'void std::sort<Point*,bool(__cdecl *)(int,int,int,int,int **)>(const _RanIt,const _RanIt,_Pr)'에 대한 참조를 확인하세요.
          with
          [
              _RanIt=Point *,
              _Pr=bool (__cdecl *)(int,int,int,int,int **)
          ]
          C:\Program Files\Microsoft Visual Studio\2022\Professional\VC\Tools\MSVC\14.43.34808\include\algorithm(8373,10):
          컴파일되는 함수 템플릿 인스턴스화 'void std::_Sort_unchecked<_RanIt,bool(__cdecl *)(int,int,int,int,int **)>(_RanIt,_RanIt,__int64,_Pr)'에 대한 참조를 확인하세요.
          with
          [
              _RanIt=Point *,
              _Pr=bool (__cdecl *)(int,int,int,int,int **)
          ]
          C:\Program Files\Microsoft Visual Studio\2022\Professional\VC\Tools\MSVC\14.43.34808\include\algorithm(8343,18):
          컴파일되는 함수 템플릿 인스턴스화 '_BidIt *std::_Insertion_sort_unchecked<_RanIt,bool(__cdecl *)(int,int,int,int,int **)>(const _BidIt,const _BidIt,_Pr)'에 대한 참조를 확인하세요.
          with
          [
              _BidIt=Point *,
              _RanIt=Point *,
              _Pr=bool (__cdecl *)(int,int,int,int,int **)
          ]
          C:\Program Files\Microsoft Visual Studio\2022\Professional\VC\Tools\MSVC\14.43.34808\include\algorithm(8218,17):
          컴파일되는 함수 템플릿 인스턴스화 'bool std::_Debug_lt_pred<bool(__cdecl *&)(int,int,int,int,int **),Point&,Point&>(_Pr,_Ty1,_Ty2) noexcept(<expr>)'에 대한 참조를 확인하세요.
          with
          [
              _Pr=bool (__cdecl *&)(int,int,int,int,int **),
              _Ty1=Point &,
              _Ty2=Point &
          ]
  
C:\Program Files\Microsoft Visual Studio\2022\Professional\VC\Tools\MSVC\14.43.34808\include\xutility(1620,32): error C2198: 'bool (__cdecl *)(int,int,int,int,int **)': 호출에 인수가 너무 적습니다.
  (소스 파일 'solution.cpp'을(를) 컴파일하는 중)
      C:\Program Files\Microsoft Visual Studio\2022\Professional\VC\Tools\MSVC\14.43.34808\include\xutility(1620,32):
      템플릿 인스턴스화 컨텍스트(가장 오래된 인스턴스화 컨텍스트)가
          C:\Program Files\Microsoft Visual Studio\2022\Professional\VC\Tools\MSVC\14.43.34808\include\xutility(1627,48):
          컴파일되는 변수 템플릿 'const bool _Debug_lt_pred_order_check_noexcept<bool (__cdecl*&)(int,int,int,int,int * *),Point &,Point &,1>'에 대한 참조를 확인하세요.
  
C:\Program Files\Microsoft Visual Studio\2022\Professional\VC\Tools\MSVC\14.43.34808\include\xutility(1620,5): error C2056: 식이 잘못되었습니다.
  (소스 파일 'solution.cpp'을(를) 컴파일하는 중)
  
C:\Program Files\Microsoft Visual Studio\2022\Professional\VC\Tools\MSVC\14.43.34808\include\algorithm(8276,16): error C2198: '_Pr': 호출에 인수가 너무 적습니다.
C:\Program Files\Microsoft Visual Studio\2022\Professional\VC\Tools\MSVC\14.43.34808\include\algorithm(8276,16): error C2198:         with
C:\Program Files\Microsoft Visual Studio\2022\Professional\VC\Tools\MSVC\14.43.34808\include\algorithm(8276,16): error C2198:         [
C:\Program Files\Microsoft Visual Studio\2022\Professional\VC\Tools\MSVC\14.43.34808\include\algorithm(8276,16): error C2198:             _Pr=bool (__cdecl *)(int,int,int,int,int **)
C:\Program Files\Microsoft Visual Studio\2022\Professional\VC\Tools\MSVC\14.43.34808\include\algorithm(8276,16): error C2198:         ]
  (소스 파일 'solution.cpp'을(를) 컴파일하는 중)
      C:\Program Files\Microsoft Visual Studio\2022\Professional\VC\Tools\MSVC\14.43.34808\include\algorithm(8276,16):
      템플릿 인스턴스화 컨텍스트(가장 오래된 인스턴스화 컨텍스트)가
          C:\Program Files\Microsoft Visual Studio\2022\Professional\VC\Tools\MSVC\14.43.34808\include\algorithm(8354,26):
          컴파일되는 함수 템플릿 인스턴스화 'std::pair<_RanIt,_RanIt> std::_Partition_by_median_guess_unchecked<_RanIt,bool(__cdecl *)(int,int,int,int,int **)>(_RanIt,_RanIt,_Pr)'에 대한 참조를 확인하세요.
          with
          [
              _RanIt=Point *,
              _Pr=bool (__cdecl *)(int,int,int,int,int **)
          ]
  
C:\Program Files\Microsoft Visual Studio\2022\Professional\VC\Tools\MSVC\14.43.34808\include\algorithm(8280,76): error C2198: '_Pr': 호출에 인수가 너무 적습니다.
C:\Program Files\Microsoft Visual Studio\2022\Professional\VC\Tools\MSVC\14.43.34808\include\algorithm(8280,76): error C2198:         with
C:\Program Files\Microsoft Visual Studio\2022\Professional\VC\Tools\MSVC\14.43.34808\include\algorithm(8280,76): error C2198:         [
C:\Program Files\Microsoft Visual Studio\2022\Professional\VC\Tools\MSVC\14.43.34808\include\algorithm(8280,76): error C2198:             _Pr=bool (__cdecl *)(int,int,int,int,int **)
C:\Program Files\Microsoft Visual Studio\2022\Professional\VC\Tools\MSVC\14.43.34808\include\algorithm(8280,76): error C2198:         ]
  (소스 파일 'solution.cpp'을(를) 컴파일하는 중)
  
C:\Program Files\Microsoft Visual Studio\2022\Professional\VC\Tools\MSVC\14.43.34808\include\algorithm(8291,24): error C2198: '_Pr': 호출에 인수가 너무 적습니다.
C:\Program Files\Microsoft Visual Studio\2022\Professional\VC\Tools\MSVC\14.43.34808\include\algorithm(8291,24): error C2198:         with
C:\Program Files\Microsoft Visual Studio\2022\Professional\VC\Tools\MSVC\14.43.34808\include\algorithm(8291,24): error C2198:         [
C:\Program Files\Microsoft Visual Studio\2022\Professional\VC\Tools\MSVC\14.43.34808\include\algorithm(8291,24): error C2198:             _Pr=bool (__cdecl *)(int,int,int,int,int **)
C:\Program Files\Microsoft Visual Studio\2022\Professional\VC\Tools\MSVC\14.43.34808\include\algorithm(8291,24): error C2198:         ]
  (소스 파일 'solution.cpp'을(를) 컴파일하는 중)
  
C:\Program Files\Microsoft Visual Studio\2022\Professional\VC\Tools\MSVC\14.43.34808\include\algorithm(8305,24): error C2198: '_Pr': 호출에 인수가 너무 적습니다.
C:\Program Files\Microsoft Visual Studio\2022\Professional\VC\Tools\MSVC\14.43.34808\include\algorithm(8305,24): error C2198:         with
C:\Program Files\Microsoft Visual Studio\2022\Professional\VC\Tools\MSVC\14.43.34808\include\algorithm(8305,24): error C2198:         [
C:\Program Files\Microsoft Visual Studio\2022\Professional\VC\Tools\MSVC\14.43.34808\include\algorithm(8305,24): error C2198:             _Pr=bool (__cdecl *)(int,int,int,int,int **)
C:\Program Files\Microsoft Visual Studio\2022\Professional\VC\Tools\MSVC\14.43.34808\include\algorithm(8305,24): error C2198:         ]
  (소스 파일 'solution.cpp'을(를) 컴파일하는 중)
  
